{"name": "Проверка счетчика заказа за сегодня", "status": "broken", "statusDetails": {"message": "selenium.common.exceptions.TimeoutException: Message: \nStacktrace:\n\tGetHandleVerifier [0x00007FF7A85E3AB5+28005]\n\t(No symbol) [0x00007FF7A85483B0]\n\t(No symbol) [0x00007FF7A83E580A]\n\t(No symbol) [0x00007FF7A8435A3E]\n\t(No symbol) [0x00007FF7A8435D2C]\n\t(No symbol) [0x00007FF7A847EA97]\n\t(No symbol) [0x00007FF7A845BA7F]\n\t(No symbol) [0x00007FF7A847B8B3]\n\t(No symbol) [0x00007FF7A845B7E3]\n\t(No symbol) [0x00007FF7A84275C8]\n\t(No symbol) [0x00007FF7A8428731]\n\tGetHandleVerifier [0x00007FF7A88D643D+3118829]\n\tGetHandleVerifier [0x00007FF7A8926C90+3448640]\n\tGetHandleVerifier [0x00007FF7A891CF0D+3408317]\n\tGetHandleVerifier [0x00007FF7A86AA40B+841403]\n\t(No symbol) [0x00007FF7A855340F]\n\t(No symbol) [0x00007FF7A854F484]\n\t(No symbol) [0x00007FF7A854F61D]\n\t(No symbol) [0x00007FF7A853EB79]\n\tBaseThreadInitThunk [0x00007FFB70647AC4+20]\n\tRtlUserThreadStart [0x00007FFB707AA8C1+33]", "trace": "self = <test_order_feed.TestOrderFeed object at 0x0000021536C14D90>, driver = <selenium.webdriver.chrome.webdriver.WebDriver (session=\"940b159d44f62d7707b563257a77ada8\")>\ncreate_user = ({'email': 'yqmtladooz@yandex.ru', 'name': 'wkqzmkjhbn', 'password': 'weagiwuosb'}, <Response [200]>)\n\n    @allure.title(\"Проверка счетчика заказа за сегодня\")\n    @allure.description(\"Работа счетчика выполненных заказов за сегодня\")\n    def test_check_order_counter_today(self, driver, create_user):\n        main = MainFunctionalityPage(driver)\n        order_feed = OrderFeedPage(driver)\n        personal_area = PersonalAccountPage(driver)\n        password_recovery = PasswordRecoveryPage(driver)\n        main.click_order_list_button()\n        counter_orders = order_feed.number_orders_today()\n        password_recovery.click_personal_account()\n>       personal_area.auth_and_change_order(create_user)\n\ntests\\test_order_feed.py:58: \n_ _ _ _ _ _ _ _ _ _ _ _ _ _ _ _ _ _ _ _ _ _ _ _ _ _ _ _ _ _ _ _ _ _ _ _ _ _ _ _ _ _ _ _ _ _ _ _ _ _ _ _ _ _ _ _ _ _ _ _ _ _ _ _ _ _ _ _ _ _ _ _ _ _ _ _ _ _ _ _ _ _ _ _ _ _ _ _ _ _ _ _\npages\\personal_acount_page.py:21: in auth_and_change_order\n    email, password = self.authorization(create_user)\npages\\personal_acount_page.py:15: in authorization\n    self.wait_element_visibility(PersonalAccountLocators.CREATE_ORDER_BUTTON)\npages\\base_page.py:17: in wait_element_visibility\n    WebDriverWait(self.driver, 5).until(expected_conditions.visibility_of_element_located(locator))\n_ _ _ _ _ _ _ _ _ _ _ _ _ _ _ _ _ _ _ _ _ _ _ _ _ _ _ _ _ _ _ _ _ _ _ _ _ _ _ _ _ _ _ _ _ _ _ _ _ _ _ _ _ _ _ _ _ _ _ _ _ _ _ _ _ _ _ _ _ _ _ _ _ _ _ _ _ _ _ _ _ _ _ _ _ _ _ _ _ _ _ _\n\nself = <selenium.webdriver.support.wait.WebDriverWait (session=\"940b159d44f62d7707b563257a77ada8\")>\nmethod = <function visibility_of_element_located.<locals>._predicate at 0x0000021536CA0D60>, message = ''\n\n    def until(self, method: Callable[[D], Union[Literal[False], T]], message: str = \"\") -> T:\n        \"\"\"Calls the method provided with the driver as an argument until the \\\n        return value does not evaluate to ``False``.\n    \n        :param method: callable(WebDriver)\n        :param message: optional message for :exc:`TimeoutException`\n        :returns: the result of the last call to `method`\n        :raises: :exc:`selenium.common.exceptions.TimeoutException` if timeout occurs\n        \"\"\"\n        screen = None\n        stacktrace = None\n    \n        end_time = time.monotonic() + self._timeout\n        while True:\n            try:\n                value = method(self._driver)\n                if value:\n                    return value\n            except self._ignored_exceptions as exc:\n                screen = getattr(exc, \"screen\", None)\n                stacktrace = getattr(exc, \"stacktrace\", None)\n            time.sleep(self._poll)\n            if time.monotonic() > end_time:\n                break\n>       raise TimeoutException(message, screen, stacktrace)\nE       selenium.common.exceptions.TimeoutException: Message: \nE       Stacktrace:\nE       \tGetHandleVerifier [0x00007FF7A85E3AB5+28005]\nE       \t(No symbol) [0x00007FF7A85483B0]\nE       \t(No symbol) [0x00007FF7A83E580A]\nE       \t(No symbol) [0x00007FF7A8435A3E]\nE       \t(No symbol) [0x00007FF7A8435D2C]\nE       \t(No symbol) [0x00007FF7A847EA97]\nE       \t(No symbol) [0x00007FF7A845BA7F]\nE       \t(No symbol) [0x00007FF7A847B8B3]\nE       \t(No symbol) [0x00007FF7A845B7E3]\nE       \t(No symbol) [0x00007FF7A84275C8]\nE       \t(No symbol) [0x00007FF7A8428731]\nE       \tGetHandleVerifier [0x00007FF7A88D643D+3118829]\nE       \tGetHandleVerifier [0x00007FF7A8926C90+3448640]\nE       \tGetHandleVerifier [0x00007FF7A891CF0D+3408317]\nE       \tGetHandleVerifier [0x00007FF7A86AA40B+841403]\nE       \t(No symbol) [0x00007FF7A855340F]\nE       \t(No symbol) [0x00007FF7A854F484]\nE       \t(No symbol) [0x00007FF7A854F61D]\nE       \t(No symbol) [0x00007FF7A853EB79]\nE       \tBaseThreadInitThunk [0x00007FFB70647AC4+20]\nE       \tRtlUserThreadStart [0x00007FFB707AA8C1+33]\n\n.venv\\Lib\\site-packages\\selenium\\webdriver\\support\\wait.py:105: TimeoutException"}, "description": "Работа счетчика выполненных заказов за сегодня", "steps": [{"name": "Нажимаем на кнопку «Лента заказов»", "status": "passed", "steps": [{"name": "Ожидаем что locator появится", "status": "passed", "parameters": [{"name": "locator", "value": "('xpath', \"//p[text()='Лента Заказов']\")"}], "start": 1730034817021, "stop": 1730034817047}, {"name": "Кликаем на locator", "status": "passed", "steps": [{"name": "Ищем locator", "status": "passed", "parameters": [{"name": "locator", "value": "('xpath', \"//p[text()='Лента Заказов']\")"}], "start": 1730034817047, "stop": 1730034817055}], "parameters": [{"name": "locator", "value": "('xpath', \"//p[text()='Лента Заказов']\")"}], "start": 1730034817047, "stop": 1730034817071}, {"name": "Получаем текущий url", "status": "passed", "start": 1730034817071, "stop": 1730034817078}], "start": 1730034817020, "stop": 1730034817078}, {"name": "Число выполненных заказов за сегодня", "status": "passed", "steps": [{"name": "Ожидаем что locator появится", "status": "passed", "parameters": [{"name": "locator", "value": "('xpath', '//p[text()=\"Выполнено за сегодня:\"]/following-sibling::p')"}], "start": 1730034817078, "stop": 1730034818660}, {"name": "Получаем текст из locator", "status": "passed", "steps": [{"name": "Ищем locator", "status": "passed", "parameters": [{"name": "locator", "value": "('xpath', '//p[text()=\"Выполнено за сегодня:\"]/following-sibling::p')"}], "start": 1730034818661, "stop": 1730034818673}], "parameters": [{"name": "locator", "value": "('xpath', '//p[text()=\"Выполнено за сегодня:\"]/following-sibling::p')"}], "start": 1730034818660, "stop": 1730034818693}], "start": 1730034817078, "stop": 1730034818693}, {"name": "Ожидаем что locator появится", "status": "passed", "parameters": [{"name": "locator", "value": "('xpath', \"//p[text()='Личный Кабинет']\")"}], "start": 1730034818693, "stop": 1730034818711}, {"name": "Кликаем на locator", "status": "passed", "steps": [{"name": "Ищем locator", "status": "passed", "parameters": [{"name": "locator", "value": "('xpath', \"//p[text()='Личный Кабинет']\")"}], "start": 1730034818712, "stop": 1730034818719}], "parameters": [{"name": "locator", "value": "('xpath', \"//p[text()='Личный Кабинет']\")"}], "start": 1730034818712, "stop": 1730034818741}, {"name": "Авторизоваться и сделать заказ", "status": "broken", "statusDetails": {"message": "selenium.common.exceptions.TimeoutException: Message: \nStacktrace:\n\tGetHandleVerifier [0x00007FF7A85E3AB5+28005]\n\t(No symbol) [0x00007FF7A85483B0]\n\t(No symbol) [0x00007FF7A83E580A]\n\t(No symbol) [0x00007FF7A8435A3E]\n\t(No symbol) [0x00007FF7A8435D2C]\n\t(No symbol) [0x00007FF7A847EA97]\n\t(No symbol) [0x00007FF7A845BA7F]\n\t(No symbol) [0x00007FF7A847B8B3]\n\t(No symbol) [0x00007FF7A845B7E3]\n\t(No symbol) [0x00007FF7A84275C8]\n\t(No symbol) [0x00007FF7A8428731]\n\tGetHandleVerifier [0x00007FF7A88D643D+3118829]\n\tGetHandleVerifier [0x00007FF7A8926C90+3448640]\n\tGetHandleVerifier [0x00007FF7A891CF0D+3408317]\n\tGetHandleVerifier [0x00007FF7A86AA40B+841403]\n\t(No symbol) [0x00007FF7A855340F]\n\t(No symbol) [0x00007FF7A854F484]\n\t(No symbol) [0x00007FF7A854F61D]\n\t(No symbol) [0x00007FF7A853EB79]\n\tBaseThreadInitThunk [0x00007FFB70647AC4+20]\n\tRtlUserThreadStart [0x00007FFB707AA8C1+33]\n\n", "trace": "  File \"C:\\yandex_route\\Diplom\\Diplom_3\\.venv\\Lib\\site-packages\\allure_commons\\_allure.py\", line 192, in impl\n    return func(*a, **kw)\n           ^^^^^^^^^^^^^^\n  File \"C:\\yandex_route\\Diplom\\Diplom_3\\pages\\personal_acount_page.py\", line 21, in auth_and_change_order\n    email, password = self.authorization(create_user)\n                      ^^^^^^^^^^^^^^^^^^^^^^^^^^^^^^^\n  File \"C:\\yandex_route\\Diplom\\Diplom_3\\.venv\\Lib\\site-packages\\allure_commons\\_allure.py\", line 192, in impl\n    return func(*a, **kw)\n           ^^^^^^^^^^^^^^\n  File \"C:\\yandex_route\\Diplom\\Diplom_3\\pages\\personal_acount_page.py\", line 15, in authorization\n    self.wait_element_visibility(PersonalAccountLocators.CREATE_ORDER_BUTTON)\n  File \"C:\\yandex_route\\Diplom\\Diplom_3\\.venv\\Lib\\site-packages\\allure_commons\\_allure.py\", line 192, in impl\n    return func(*a, **kw)\n           ^^^^^^^^^^^^^^\n  File \"C:\\yandex_route\\Diplom\\Diplom_3\\pages\\base_page.py\", line 17, in wait_element_visibility\n    WebDriverWait(self.driver, 5).until(expected_conditions.visibility_of_element_located(locator))\n  File \"C:\\yandex_route\\Diplom\\Diplom_3\\.venv\\Lib\\site-packages\\selenium\\webdriver\\support\\wait.py\", line 105, in until\n    raise TimeoutException(message, screen, stacktrace)\n"}, "steps": [{"name": "Авторизуемся пользователем", "status": "broken", "statusDetails": {"message": "selenium.common.exceptions.TimeoutException: Message: \nStacktrace:\n\tGetHandleVerifier [0x00007FF7A85E3AB5+28005]\n\t(No symbol) [0x00007FF7A85483B0]\n\t(No symbol) [0x00007FF7A83E580A]\n\t(No symbol) [0x00007FF7A8435A3E]\n\t(No symbol) [0x00007FF7A8435D2C]\n\t(No symbol) [0x00007FF7A847EA97]\n\t(No symbol) [0x00007FF7A845BA7F]\n\t(No symbol) [0x00007FF7A847B8B3]\n\t(No symbol) [0x00007FF7A845B7E3]\n\t(No symbol) [0x00007FF7A84275C8]\n\t(No symbol) [0x00007FF7A8428731]\n\tGetHandleVerifier [0x00007FF7A88D643D+3118829]\n\tGetHandleVerifier [0x00007FF7A8926C90+3448640]\n\tGetHandleVerifier [0x00007FF7A891CF0D+3408317]\n\tGetHandleVerifier [0x00007FF7A86AA40B+841403]\n\t(No symbol) [0x00007FF7A855340F]\n\t(No symbol) [0x00007FF7A854F484]\n\t(No symbol) [0x00007FF7A854F61D]\n\t(No symbol) [0x00007FF7A853EB79]\n\tBaseThreadInitThunk [0x00007FFB70647AC4+20]\n\tRtlUserThreadStart [0x00007FFB707AA8C1+33]\n\n", "trace": "  File \"C:\\yandex_route\\Diplom\\Diplom_3\\.venv\\Lib\\site-packages\\allure_commons\\_allure.py\", line 192, in impl\n    return func(*a, **kw)\n           ^^^^^^^^^^^^^^\n  File \"C:\\yandex_route\\Diplom\\Diplom_3\\pages\\personal_acount_page.py\", line 15, in authorization\n    self.wait_element_visibility(PersonalAccountLocators.CREATE_ORDER_BUTTON)\n  File \"C:\\yandex_route\\Diplom\\Diplom_3\\.venv\\Lib\\site-packages\\allure_commons\\_allure.py\", line 192, in impl\n    return func(*a, **kw)\n           ^^^^^^^^^^^^^^\n  File \"C:\\yandex_route\\Diplom\\Diplom_3\\pages\\base_page.py\", line 17, in wait_element_visibility\n    WebDriverWait(self.driver, 5).until(expected_conditions.visibility_of_element_located(locator))\n  File \"C:\\yandex_route\\Diplom\\Diplom_3\\.venv\\Lib\\site-packages\\selenium\\webdriver\\support\\wait.py\", line 105, in until\n    raise TimeoutException(message, screen, stacktrace)\n"}, "steps": [{"name": "Печатаем text в locator", "status": "passed", "parameters": [{"name": "locator", "value": "('name', 'name')"}, {"name": "text", "value": "'yqmtladooz@yandex.ru'"}], "start": 1730034818741, "stop": 1730034818854}, {"name": "Печатаем text в locator", "status": "passed", "parameters": [{"name": "locator", "value": "('name', 'Пароль')"}, {"name": "text", "value": "'weagiwuosb'"}], "start": 1730034818854, "stop": 1730034818915}, {"name": "Кликаем на locator", "status": "passed", "steps": [{"name": "Ищем locator", "status": "passed", "parameters": [{"name": "locator", "value": "('xpath', \".//button[text()='Войти']\")"}], "start": 1730034818915, "stop": 1730034818926}], "parameters": [{"name": "locator", "value": "('xpath', \".//button[text()='Войти']\")"}], "start": 1730034818915, "stop": 1730034818933}, {"name": "Ожидаем что locator появится", "status": "broken", "statusDetails": {"message": "selenium.common.exceptions.TimeoutException: Message: \nStacktrace:\n\tGetHandleVerifier [0x00007FF7A85E3AB5+28005]\n\t(No symbol) [0x00007FF7A85483B0]\n\t(No symbol) [0x00007FF7A83E580A]\n\t(No symbol) [0x00007FF7A8435A3E]\n\t(No symbol) [0x00007FF7A8435D2C]\n\t(No symbol) [0x00007FF7A847EA97]\n\t(No symbol) [0x00007FF7A845BA7F]\n\t(No symbol) [0x00007FF7A847B8B3]\n\t(No symbol) [0x00007FF7A845B7E3]\n\t(No symbol) [0x00007FF7A84275C8]\n\t(No symbol) [0x00007FF7A8428731]\n\tGetHandleVerifier [0x00007FF7A88D643D+3118829]\n\tGetHandleVerifier [0x00007FF7A8926C90+3448640]\n\tGetHandleVerifier [0x00007FF7A891CF0D+3408317]\n\tGetHandleVerifier [0x00007FF7A86AA40B+841403]\n\t(No symbol) [0x00007FF7A855340F]\n\t(No symbol) [0x00007FF7A854F484]\n\t(No symbol) [0x00007FF7A854F61D]\n\t(No symbol) [0x00007FF7A853EB79]\n\tBaseThreadInitThunk [0x00007FFB70647AC4+20]\n\tRtlUserThreadStart [0x00007FFB707AA8C1+33]\n\n", "trace": "  File \"C:\\yandex_route\\Diplom\\Diplom_3\\.venv\\Lib\\site-packages\\allure_commons\\_allure.py\", line 192, in impl\n    return func(*a, **kw)\n           ^^^^^^^^^^^^^^\n  File \"C:\\yandex_route\\Diplom\\Diplom_3\\pages\\base_page.py\", line 17, in wait_element_visibility\n    WebDriverWait(self.driver, 5).until(expected_conditions.visibility_of_element_located(locator))\n  File \"C:\\yandex_route\\Diplom\\Diplom_3\\.venv\\Lib\\site-packages\\selenium\\webdriver\\support\\wait.py\", line 105, in until\n    raise TimeoutException(message, screen, stacktrace)\n"}, "parameters": [{"name": "locator", "value": "('xpath', \"//button[text()='Оформить заказ']\")"}], "start": 1730034818933, "stop": 1730034824090}], "parameters": [{"name": "create_user", "value": "({'email': 'yqmtladooz@yandex.ru', 'password': 'weagiwuosb', 'name': 'wkqzmkjhbn'}, <Response [200]>)"}], "start": 1730034818741, "stop": 1730034824096}], "parameters": [{"name": "create_user", "value": "({'email': 'yqmtladooz@yandex.ru', 'password': 'weagiwuosb', 'name': 'wkqzmkjhbn'}, <Response [200]>)"}], "start": 1730034818741, "stop": 1730034824097}], "parameters": [{"name": "driver", "value": "'chrome'"}], "start": 1730034817020, "stop": 1730034824099, "uuid": "df8d26bf-44f1-45e5-803f-6cf525d227d5", "historyId": "880718585d567f1bb760172b5e8c65e3", "testCaseId": "b208f7394e491dd0c791ea662ae1fcec", "fullName": "tests.test_order_feed.TestOrderFeed#test_check_order_counter_today", "labels": [{"name": "parentSuite", "value": "tests"}, {"name": "suite", "value": "test_order_feed"}, {"name": "subSuite", "value": "TestOrderFeed"}, {"name": "host", "value": "User-PC"}, {"name": "thread", "value": "1860-MainThread"}, {"name": "framework", "value": "pytest"}, {"name": "language", "value": "cpython3"}, {"name": "package", "value": "tests.test_order_feed"}]}